<?xml version="1.0" encoding="UTF-8"?>
<testsuite xmlns:xsi="http://www.w3.org/2001/XMLSchema-instance" xsi:noNamespaceSchemaLocation="https://maven.apache.org/surefire/maven-surefire-plugin/xsd/surefire-test-report-3.0.xsd" version="3.0" name="restassured.TestRestAssured" time="1.135" tests="1" errors="0" skipped="0" failures="0">
  <properties>
[...]
</properties>
  <testcase name="getPost" classname="restassured.TestRestAssured" time="0.807">
    <system-out><![CDATA[Request method:	GET
Request URI:	https://jsonplaceholder.typicode.com/posts/1
Proxy:			<none>
Request params:	<none>
Query params:	<none>
Form params:	<none>
Path params:	<none>
Headers:		Accept=application/json, application/javascript, text/javascript, text/json
				X-Custom-Header=RestAssuredDemo
				Content-Type=application/json
Cookies:		<none>
Multiparts:		<none>
Body:			<none>
HTTP/1.1 200 OK
Date: Mon, 15 Dec 2025 20:21:32 GMT
Content-Type: application/json; charset=utf-8
Transfer-Encoding: chunked
Connection: keep-alive
access-control-allow-credentials: true
Cache-Control: max-age=43200
etag: W/"124-yiKdLzqO5gfBrJFrcdJ8Yq0LGnU"
expires: -1
nel: {"report_to":"heroku-nel","response_headers":["Via"],"max_age":3600,"success_fraction":0.01,"failure_fraction":0.1}
pragma: no-cache
report-to: {"group":"heroku-nel","endpoints":[{"url":"https://nel.heroku.com/reports?s=GRLZX%2Fep8JdKQtrDwogzsteVo0zyQeB0G8Z5rvMFE2Q%3D\u0026sid=e11707d5-02a7-43ef-b45e-2cf4d2036f7d\u0026ts=1765818692"}],"max_age":3600}
reporting-endpoints: heroku-nel="https://nel.heroku.com/reports?s=GRLZX%2Fep8JdKQtrDwogzsteVo0zyQeB0G8Z5rvMFE2Q%3D&sid=e11707d5-02a7-43ef-b45e-2cf4d2036f7d&ts=1765818692"
Server: cloudflare
vary: Origin, Accept-Encoding
via: 2.0 heroku-router
x-content-type-options: nosniff
x-powered-by: Express
x-ratelimit-limit: 1000
x-ratelimit-remaining: 993
x-ratelimit-reset: 1765818697
Age: 11399
cf-cache-status: HIT
Content-Encoding: gzip
CF-RAY: 9ae8a5dcda2e7d18-EWR
alt-svc: h3=":443"; ma=86400

{
    "userId": 1,
    "id": 1,
    "title": "sunt aut facere repellat provident occaecati excepturi optio reprehenderit",
    "body": "quia et suscipit\nsuscipit recusandae consequuntur expedita et cum\nreprehenderit molestiae ut ut quas totam\nnostrum rerum est autem sunt rem eveniet architecto"
}
]]></system-out>
  </testcase>
</testsuite>